<?xml version="1.0" encoding="UTF-8"?>
<testng-results skipped="0" failed="0" total="1" passed="1">
  <reporter-output>
  </reporter-output>
  <suite name="Default suite" duration-ms="51972" started-at="2017-01-26T03:49:50Z" finished-at="2017-01-26T03:50:42Z">
    <groups>
    </groups>
    <test name="Default test" duration-ms="51972" started-at="2017-01-26T03:49:50Z" finished-at="2017-01-26T03:50:42Z">
      <class name="com.selenium.week8.greatcourses.tests.GreatCoursesRegressionTests">
        <test-method status="PASS" signature="beforeClass()[pri:0, instance:com.selenium.week8.greatcourses.tests.GreatCoursesRegressionTests@67784306]" name="beforeClass" is-config="true" duration-ms="21" started-at="2017-01-25T22:49:50Z" finished-at="2017-01-25T22:49:50Z">
          <reporter-output>
          </reporter-output>
        </test-method> <!-- beforeClass -->
        <test-method status="PASS" signature="beforeEachTest()[pri:0, instance:com.selenium.week8.greatcourses.tests.GreatCoursesRegressionTests@67784306]" name="beforeEachTest" is-config="true" duration-ms="3838" started-at="2017-01-25T22:49:50Z" finished-at="2017-01-25T22:49:54Z">
          <reporter-output>
          </reporter-output>
        </test-method> <!-- beforeEachTest -->
        <test-method status="PASS" signature="buyCourseTest()[pri:0, instance:com.selenium.week8.greatcourses.tests.GreatCoursesRegressionTests@67784306]" name="buyCourseTest" duration-ms="34768" started-at="2017-01-25T22:49:54Z" finished-at="2017-01-25T22:50:29Z">
          <reporter-output>
          </reporter-output>
        </test-method> <!-- buyCourseTest -->
        <test-method status="PASS" signature="afterEachTest(org.testng.ITestResult)[pri:0, instance:com.selenium.week8.greatcourses.tests.GreatCoursesRegressionTests@67784306]" name="afterEachTest" is-config="true" duration-ms="13276" started-at="2017-01-25T22:50:29Z" finished-at="2017-01-25T22:50:42Z">
          <params>
            <param index="0">
              <value>
                <![CDATA[[TestResult name=buyCourseTest status=SUCCESS method=GreatCoursesRegressionTests.buyCourseTest()[pri:0, instance:com.selenium.week8.greatcourses.tests.GreatCoursesRegressionTests@67784306] output={null}]]]>
              </value>
            </param>
          </params>
          <reporter-output>
          </reporter-output>
        </test-method> <!-- afterEachTest -->
        <test-method status="FAIL" signature="afterAllTests()[pri:0, instance:com.selenium.week8.greatcourses.tests.GreatCoursesRegressionTests@67784306]" name="afterAllTests" is-config="true" duration-ms="0" started-at="2017-01-25T22:50:42Z" finished-at="2017-01-25T22:50:42Z">
          <exception class="java.lang.NullPointerException">
            <full-stacktrace>
              <![CDATA[java.lang.NullPointerException
	at com.selenium.customlibrary.UtilityLibrary.automaticallyAttachErrorImgToEmail(UtilityLibrary.java:508)
	at com.selenium.customlibrary.BasePage.afterAllTests(BasePage.java:68)
	at sun.reflect.NativeMethodAccessorImpl.invoke0(Native Method)
	at sun.reflect.NativeMethodAccessorImpl.invoke(Unknown Source)
	at sun.reflect.DelegatingMethodAccessorImpl.invoke(Unknown Source)
	at java.lang.reflect.Method.invoke(Unknown Source)
	at org.testng.internal.MethodInvocationHelper.invokeMethod(MethodInvocationHelper.java:86)
	at org.testng.internal.Invoker.invokeConfigurationMethod(Invoker.java:514)
	at org.testng.internal.Invoker.invokeConfigurations(Invoker.java:215)
	at org.testng.internal.Invoker.invokeConfigurations(Invoker.java:142)
	at org.testng.internal.TestMethodWorker.invokeAfterClassMethods(TestMethodWorker.java:232)
	at org.testng.internal.TestMethodWorker.run(TestMethodWorker.java:115)
	at org.testng.TestRunner.privateRun(TestRunner.java:782)
	at org.testng.TestRunner.run(TestRunner.java:632)
	at org.testng.SuiteRunner.runTest(SuiteRunner.java:366)
	at org.testng.SuiteRunner.runSequentially(SuiteRunner.java:361)
	at org.testng.SuiteRunner.privateRun(SuiteRunner.java:319)
	at org.testng.SuiteRunner.run(SuiteRunner.java:268)
	at org.testng.SuiteRunnerWorker.runSuite(SuiteRunnerWorker.java:52)
	at org.testng.SuiteRunnerWorker.run(SuiteRunnerWorker.java:86)
	at org.testng.TestNG.runSuitesSequentially(TestNG.java:1244)
	at org.testng.TestNG.runSuitesLocally(TestNG.java:1169)
	at org.testng.TestNG.run(TestNG.java:1064)
	at org.testng.remote.AbstractRemoteTestNG.run(AbstractRemoteTestNG.java:132)
	at org.testng.remote.RemoteTestNG.initAndRun(RemoteTestNG.java:236)
	at org.testng.remote.RemoteTestNG.main(RemoteTestNG.java:81)
]]>
            </full-stacktrace>
          </exception> <!-- java.lang.NullPointerException -->
          <reporter-output>
          </reporter-output>
        </test-method> <!-- afterAllTests -->
      </class> <!-- com.selenium.week8.greatcourses.tests.GreatCoursesRegressionTests -->
    </test> <!-- Default test -->
  </suite> <!-- Default suite -->
</testng-results>
